<?xml version="1.0" encoding="UTF-8"?>
<!-- Generated by org.testng.reporters.JUnitReportReporter -->
<testsuite hostname="LAPTOP-OE9ALJNP" failures="0" tests="1" name="TestCase.TC_003_Searchbarresult" time="2.943" errors="0" timestamp="2024-04-13T15:02:18 IST" skipped="0">
  <testcase classname="TestCase.TC_003_Searchbarresult" name="Verify_serarch" time="2.943"/>
</testsuite> <!-- TestCase.TC_003_Searchbarresult -->
