<?xml version="1.0" encoding="UTF-8"?>
<!-- Generated by org.testng.reporters.JUnitReportReporter -->
<testsuite hostname="LAPTOP-OE9ALJNP" failures="0" tests="1" name="TestCase.TC_001_LoginTest" time="1.846" errors="0" timestamp="2024-04-10T08:49:23 IST" skipped="0">
  <testcase classname="TestCase.TC_001_LoginTest" name="Verify_login" time="1.846"/>
</testsuite> <!-- TestCase.TC_001_LoginTest -->
