<?xml version="1.0" encoding="UTF-8"?>
<!-- Generated by org.testng.reporters.JUnitReportReporter -->
<testsuite hostname="LAPTOP-OE9ALJNP" failures="0" tests="1" name="TestCase.TC_005CheckOutTestCase" time="24.760" errors="0" timestamp="2024-04-13T15:08:47 IST" skipped="0">
  <testcase classname="TestCase.TC_005CheckOutTestCase" name="Verify_Checkout" time="24.760"/>
</testsuite> <!-- TestCase.TC_005CheckOutTestCase -->
